<?xml version="1.0" encoding="UTF-8"?>
<!-- Generated by org.testng.reporters.JUnitXMLReporter -->
<testsuite hostname="LIN59017991" ignored="0" name="InsuranceProjTest" tests="2" failures="1" timestamp="10 Jun 2022 06:33:58 GMT" time="33.144" errors="0">
  <testcase name="loginToApplication" time="15.643" classname="com.guru99Insurance.testCases.LoginPageDDT"/>
  <testcase name="loginToApplication" time="4.983" classname="com.guru99Insurance.testCases.LoginPageDDT">
    <failure type="java.lang.AssertionError" message="expected [true] but found [false]">
      <![CDATA[java.lang.AssertionError: expected [true] but found [false]
	at com.guru99Insurance.testCases.LoginPageDDT.loginToApplication(LoginPageDDT.java:34)
... Removed 29 stack frames]]>
    </failure>
  </testcase> <!-- loginToApplication -->
</testsuite> <!-- InsuranceProjTest -->
