<?xml version="1.0" encoding="UTF-8"?>
<testng-results skipped="0" failed="0" ignored="0" total="5" passed="5">
  <reporter-output>
  </reporter-output>
  <suite name="InsuranceProjSuite" duration-ms="36205" started-at="2022-06-10T13:04:36 IST" finished-at="2022-06-10T13:05:13 IST">
    <groups>
    </groups>
    <test name="InsuranceProjTest" duration-ms="36205" started-at="2022-06-10T13:04:36 IST" finished-at="2022-06-10T13:05:13 IST">
      <class name="com.guru99Insurance.testCases.HomePageTest">
        <test-method status="PASS" signature="initialization()[pri:0, instance:com.guru99Insurance.testCases.HomePageTest@3a5ed7a6]" name="initialization" is-config="true" duration-ms="6974" started-at="2022-06-10T13:04:37 IST" finished-at="2022-06-10T13:04:44 IST">
          <reporter-output>
          </reporter-output>
        </test-method> <!-- initialization -->
        <test-method status="PASS" signature="validateHomePageURLTest()[pri:1, instance:com.guru99Insurance.testCases.HomePageTest@3a5ed7a6]" name="validateHomePageURLTest" duration-ms="46" started-at="2022-06-10T13:04:44 IST" finished-at="2022-06-10T13:04:44 IST">
          <reporter-output>
          </reporter-output>
        </test-method> <!-- validateHomePageURLTest -->
        <test-method status="PASS" signature="tearDown()[pri:0, instance:com.guru99Insurance.testCases.HomePageTest@3a5ed7a6]" name="tearDown" is-config="true" duration-ms="1334" started-at="2022-06-10T13:04:44 IST" finished-at="2022-06-10T13:04:45 IST">
          <reporter-output>
          </reporter-output>
        </test-method> <!-- tearDown -->
        <test-method status="PASS" signature="initialization()[pri:0, instance:com.guru99Insurance.testCases.HomePageTest@3a5ed7a6]" name="initialization" is-config="true" duration-ms="5300" started-at="2022-06-10T13:04:45 IST" finished-at="2022-06-10T13:04:50 IST">
          <reporter-output>
          </reporter-output>
        </test-method> <!-- initialization -->
        <test-method status="PASS" signature="validateHomePageLogoTest()[pri:2, instance:com.guru99Insurance.testCases.HomePageTest@3a5ed7a6]" name="validateHomePageLogoTest" duration-ms="108" started-at="2022-06-10T13:04:50 IST" finished-at="2022-06-10T13:04:50 IST">
          <reporter-output>
          </reporter-output>
        </test-method> <!-- validateHomePageLogoTest -->
        <test-method status="PASS" signature="tearDown()[pri:0, instance:com.guru99Insurance.testCases.HomePageTest@3a5ed7a6]" name="tearDown" is-config="true" duration-ms="1314" started-at="2022-06-10T13:04:50 IST" finished-at="2022-06-10T13:04:52 IST">
          <reporter-output>
          </reporter-output>
        </test-method> <!-- tearDown -->
        <test-method status="PASS" signature="initialization()[pri:0, instance:com.guru99Insurance.testCases.HomePageTest@3a5ed7a6]" name="initialization" is-config="true" duration-ms="5669" started-at="2022-06-10T13:04:52 IST" finished-at="2022-06-10T13:04:57 IST">
          <reporter-output>
          </reporter-output>
        </test-method> <!-- initialization -->
        <test-method status="PASS" signature="validateHomePageTitleTest()[pri:3, instance:com.guru99Insurance.testCases.HomePageTest@3a5ed7a6]" name="validateHomePageTitleTest" duration-ms="9" started-at="2022-06-10T13:04:57 IST" finished-at="2022-06-10T13:04:57 IST">
          <reporter-output>
          </reporter-output>
        </test-method> <!-- validateHomePageTitleTest -->
        <test-method status="PASS" signature="tearDown()[pri:0, instance:com.guru99Insurance.testCases.HomePageTest@3a5ed7a6]" name="tearDown" is-config="true" duration-ms="1285" started-at="2022-06-10T13:04:57 IST" finished-at="2022-06-10T13:04:59 IST">
          <reporter-output>
          </reporter-output>
        </test-method> <!-- tearDown -->
        <test-method status="PASS" signature="initialization()[pri:0, instance:com.guru99Insurance.testCases.HomePageTest@3a5ed7a6]" name="initialization" is-config="true" duration-ms="5134" started-at="2022-06-10T13:04:59 IST" finished-at="2022-06-10T13:05:04 IST">
          <reporter-output>
          </reporter-output>
        </test-method> <!-- initialization -->
        <test-method status="PASS" signature="clickOnRegisterBtnTest()[pri:4, instance:com.guru99Insurance.testCases.HomePageTest@3a5ed7a6]" name="clickOnRegisterBtnTest" duration-ms="1531" started-at="2022-06-10T13:05:04 IST" finished-at="2022-06-10T13:05:05 IST">
          <reporter-output>
          </reporter-output>
        </test-method> <!-- clickOnRegisterBtnTest -->
        <test-method status="PASS" signature="tearDown()[pri:0, instance:com.guru99Insurance.testCases.HomePageTest@3a5ed7a6]" name="tearDown" is-config="true" duration-ms="1297" started-at="2022-06-10T13:05:05 IST" finished-at="2022-06-10T13:05:07 IST">
          <reporter-output>
          </reporter-output>
        </test-method> <!-- tearDown -->
        <test-method status="PASS" signature="initialization()[pri:0, instance:com.guru99Insurance.testCases.HomePageTest@3a5ed7a6]" name="initialization" is-config="true" duration-ms="4718" started-at="2022-06-10T13:05:07 IST" finished-at="2022-06-10T13:05:11 IST">
          <reporter-output>
          </reporter-output>
        </test-method> <!-- initialization -->
        <test-method status="PASS" signature="clickOnLoginBtnTest()[pri:5, instance:com.guru99Insurance.testCases.HomePageTest@3a5ed7a6]" name="clickOnLoginBtnTest" duration-ms="176" started-at="2022-06-10T13:05:11 IST" finished-at="2022-06-10T13:05:11 IST">
          <reporter-output>
          </reporter-output>
        </test-method> <!-- clickOnLoginBtnTest -->
        <test-method status="PASS" signature="tearDown()[pri:0, instance:com.guru99Insurance.testCases.HomePageTest@3a5ed7a6]" name="tearDown" is-config="true" duration-ms="1140" started-at="2022-06-10T13:05:11 IST" finished-at="2022-06-10T13:05:13 IST">
          <reporter-output>
          </reporter-output>
        </test-method> <!-- tearDown -->
      </class> <!-- com.guru99Insurance.testCases.HomePageTest -->
    </test> <!-- InsuranceProjTest -->
  </suite> <!-- InsuranceProjSuite -->
</testng-results>
