<?xml version="1.0" encoding="UTF-8"?>
<!-- Generated by org.testng.reporters.JUnitXMLReporter -->
<testsuite hostname="LIN59017991" ignored="0" name="InsuranceProjTest" tests="5" failures="0" timestamp="2022-06-10T13:05:13 IST" time="36.205" errors="0">
  <testcase name="validateHomePageURLTest" time="0.046" classname="com.guru99Insurance.testCases.HomePageTest"/>
  <testcase name="validateHomePageLogoTest" time="0.108" classname="com.guru99Insurance.testCases.HomePageTest"/>
  <testcase name="validateHomePageTitleTest" time="0.009" classname="com.guru99Insurance.testCases.HomePageTest"/>
  <testcase name="clickOnRegisterBtnTest" time="1.531" classname="com.guru99Insurance.testCases.HomePageTest"/>
  <testcase name="clickOnLoginBtnTest" time="0.176" classname="com.guru99Insurance.testCases.HomePageTest"/>
</testsuite> <!-- InsuranceProjTest -->
